GroupProject/app/build/intermediates/manifest_merge_blame_file/debug/manifest-merger-blame-debug-report.txt
1<?xml version="1.0" encoding="utf-8"?>
2<manifest xmlns:android="http://schemas.android.com/apk/res/android"
3    package="com.example.a301groupproject"
4    android:versionCode="1"
5    android:versionName="1.0" >
6
7    <uses-sdk
8        android:minSdkVersion="24"
9        android:targetSdkVersion="33" />
10
11    <!-- Required permission for App measurement to run. -->
12    <uses-permission android:name="android.permission.INTERNET" />
12-->[com.google.android.gms:play-services-measurement:21.4.0] AndroidManifest.xml:23:5-67
12-->[com.google.android.gms:play-services-measurement:21.4.0] AndroidManifest.xml:23:22-64
13    <uses-permission android:name="android.permission.ACCESS_NETWORK_STATE" />
13-->[com.google.android.gms:play-services-measurement:21.4.0] AndroidManifest.xml:24:5-79
13-->[com.google.android.gms:play-services-measurement:21.4.0] AndroidManifest.xml:24:22-76
14    <uses-permission android:name="android.permission.WAKE_LOCK" />
14-->[com.google.android.gms:play-services-measurement:21.4.0] AndroidManifest.xml:25:5-68
14-->[com.google.android.gms:play-services-measurement:21.4.0] AndroidManifest.xml:25:22-65
15    <uses-permission android:name="com.google.android.finsky.permission.BIND_GET_INSTALL_REFERRER_SERVICE" />
15-->[com.google.android.gms:play-services-measurement:21.4.0] AndroidManifest.xml:26:5-110
15-->[com.google.android.gms:play-services-measurement:21.4.0] AndroidManifest.xml:26:22-107
16    <uses-permission android:name="com.google.android.gms.permission.AD_ID" />
16-->[com.google.android.gms:play-services-measurement-api:21.4.0] AndroidManifest.xml:25:5-79
16-->[com.google.android.gms:play-services-measurement-api:21.4.0] AndroidManifest.xml:25:22-76
17
18    <permission
18-->[androidx.core:core:1.9.0] AndroidManifest.xml:22:5-24:47
19        android:name="com.example.a301groupproject.DYNAMIC_RECEIVER_NOT_EXPORTED_PERMISSION"
19-->[androidx.core:core:1.9.0] AndroidManifest.xml:23:9-81
20        android:protectionLevel="signature" />
20-->[androidx.core:core:1.9.0] AndroidManifest.xml:24:9-44
21
22    <uses-permission android:name="com.example.a301groupproject.DYNAMIC_RECEIVER_NOT_EXPORTED_PERMISSION" />
22-->[androidx.core:core:1.9.0] AndroidManifest.xml:26:5-97
22-->[androidx.core:core:1.9.0] AndroidManifest.xml:26:22-94
23
24    <application
24-->src/main/AndroidManifest.xml:5:5-36:19
25        android:allowBackup="true"
25-->src/main/AndroidManifest.xml:6:9-35
26        android:appComponentFactory="androidx.core.app.CoreComponentFactory"
26-->[androidx.core:core:1.9.0] AndroidManifest.xml:28:18-86
27        android:dataExtractionRules="@xml/data_extraction_rules"
27-->src/main/AndroidManifest.xml:7:9-65
28        android:debuggable="true"
29        android:extractNativeLibs="false"
30        android:fullBackupContent="@xml/backup_rules"
30-->src/main/AndroidManifest.xml:8:9-54
31        android:icon="@mipmap/ic_launcher"
31-->src/main/AndroidManifest.xml:9:9-43
32        android:label="@string/app_name"
32-->src/main/AndroidManifest.xml:10:9-41
33        android:roundIcon="@mipmap/ic_launcher_round"
33-->src/main/AndroidManifest.xml:11:9-54
34        android:supportsRtl="true"
34-->src/main/AndroidManifest.xml:12:9-35
35        android:testOnly="true"
36        android:theme="@style/Theme._301GroupProject" >
36-->src/main/AndroidManifest.xml:13:9-54
37        <activity
37-->src/main/AndroidManifest.xml:15:9-25:20
38            android:name="com.example.a301groupproject.LoginActivity"
38-->src/main/AndroidManifest.xml:16:13-42
39            android:exported="true"
39-->src/main/AndroidManifest.xml:17:13-36
40            android:label="@string/app_name"
40-->src/main/AndroidManifest.xml:18:13-45
41            android:theme="@style/Theme._301GroupProject.NoActionBar" >
41-->src/main/AndroidManifest.xml:19:13-70
42            <intent-filter>
42-->src/main/AndroidManifest.xml:20:13-24:29
43                <action android:name="android.intent.action.MAIN" />
43-->src/main/AndroidManifest.xml:21:17-69
43-->src/main/AndroidManifest.xml:21:25-66
44
45                <category android:name="android.intent.category.LAUNCHER" />
45-->src/main/AndroidManifest.xml:23:17-77
45-->src/main/AndroidManifest.xml:23:27-74
46            </intent-filter>
47        </activity>
48        <activity
48-->src/main/AndroidManifest.xml:26:9-34:20
49            android:name="com.example.a301groupproject.MainActivity"
49-->src/main/AndroidManifest.xml:26:19-47
50            android:exported="true"
50-->src/main/AndroidManifest.xml:27:13-36
51            android:theme="@style/Theme._301GroupProject.NoActionBar" >
51-->src/main/AndroidManifest.xml:28:13-70
52            <intent-filter>
52-->src/main/AndroidManifest.xml:20:13-24:29
53                <action android:name="android.intent.action.MAIN" />
53-->src/main/AndroidManifest.xml:21:17-69
53-->src/main/AndroidManifest.xml:21:25-66
54
55                <category android:name="android.intent.category.LAUNCHER" />
55-->src/main/AndroidManifest.xml:23:17-77
55-->src/main/AndroidManifest.xml:23:27-74
56            </intent-filter>
57        </activity>
58
59        <receiver
59-->[com.google.android.gms:play-services-measurement:21.4.0] AndroidManifest.xml:29:9-33:20
60            android:name="com.google.android.gms.measurement.AppMeasurementReceiver"
60-->[com.google.android.gms:play-services-measurement:21.4.0] AndroidManifest.xml:30:13-85
61            android:enabled="true"
61-->[com.google.android.gms:play-services-measurement:21.4.0] AndroidManifest.xml:31:13-35
62            android:exported="false" >
62-->[com.google.android.gms:play-services-measurement:21.4.0] AndroidManifest.xml:32:13-37
63        </receiver>
64
65        <service
65-->[com.google.android.gms:play-services-measurement:21.4.0] AndroidManifest.xml:35:9-38:40
66            android:name="com.google.android.gms.measurement.AppMeasurementService"
66-->[com.google.android.gms:play-services-measurement:21.4.0] AndroidManifest.xml:36:13-84
67            android:enabled="true"
67-->[com.google.android.gms:play-services-measurement:21.4.0] AndroidManifest.xml:37:13-35
68            android:exported="false" />
68-->[com.google.android.gms:play-services-measurement:21.4.0] AndroidManifest.xml:38:13-37
69        <service
69-->[com.google.android.gms:play-services-measurement:21.4.0] AndroidManifest.xml:39:9-43:72
70            android:name="com.google.android.gms.measurement.AppMeasurementJobService"
70-->[com.google.android.gms:play-services-measurement:21.4.0] AndroidManifest.xml:40:13-87
71            android:enabled="true"
71-->[com.google.android.gms:play-services-measurement:21.4.0] AndroidManifest.xml:41:13-35
72            android:exported="false"
72-->[com.google.android.gms:play-services-measurement:21.4.0] AndroidManifest.xml:42:13-37
73            android:permission="android.permission.BIND_JOB_SERVICE" />
73-->[com.google.android.gms:play-services-measurement:21.4.0] AndroidManifest.xml:43:13-69
74        <service
74-->[com.google.android.gms:play-services-measurement-api:21.4.0] AndroidManifest.xml:28:9-34:19
75            android:name="com.google.firebase.components.ComponentDiscoveryService"
75-->[com.google.android.gms:play-services-measurement-api:21.4.0] AndroidManifest.xml:29:13-84
76            android:directBootAware="true"
76-->[com.google.firebase:firebase-common:20.4.2] AndroidManifest.xml:32:13-43
77            android:exported="false" >
77-->[com.google.android.gms:play-services-measurement-api:21.4.0] AndroidManifest.xml:30:13-37
78            <meta-data
78-->[com.google.android.gms:play-services-measurement-api:21.4.0] AndroidManifest.xml:31:13-33:85
79                android:name="com.google.firebase.components:com.google.firebase.analytics.connector.internal.AnalyticsConnectorRegistrar"
79-->[com.google.android.gms:play-services-measurement-api:21.4.0] AndroidManifest.xml:32:17-139
80                android:value="com.google.firebase.components.ComponentRegistrar" />
80-->[com.google.android.gms:play-services-measurement-api:21.4.0] AndroidManifest.xml:33:17-82
81            <meta-data
81-->[com.google.firebase:firebase-installations:17.2.0] AndroidManifest.xml:15:13-17:85
82                android:name="com.google.firebase.components:com.google.firebase.installations.FirebaseInstallationsKtxRegistrar"
82-->[com.google.firebase:firebase-installations:17.2.0] AndroidManifest.xml:16:17-130
83                android:value="com.google.firebase.components.ComponentRegistrar" />
83-->[com.google.firebase:firebase-installations:17.2.0] AndroidManifest.xml:17:17-82
84            <meta-data
84-->[com.google.firebase:firebase-installations:17.2.0] AndroidManifest.xml:18:13-20:85
85                android:name="com.google.firebase.components:com.google.firebase.installations.FirebaseInstallationsRegistrar"
85-->[com.google.firebase:firebase-installations:17.2.0] AndroidManifest.xml:19:17-127
86                android:value="com.google.firebase.components.ComponentRegistrar" />
86-->[com.google.firebase:firebase-installations:17.2.0] AndroidManifest.xml:20:17-82
87            <meta-data
87-->[com.google.firebase:firebase-common-ktx:20.4.2] AndroidManifest.xml:12:13-14:85
88                android:name="com.google.firebase.components:com.google.firebase.ktx.FirebaseCommonLegacyRegistrar"
88-->[com.google.firebase:firebase-common-ktx:20.4.2] AndroidManifest.xml:13:17-116
89                android:value="com.google.firebase.components.ComponentRegistrar" />
89-->[com.google.firebase:firebase-common-ktx:20.4.2] AndroidManifest.xml:14:17-82
90            <meta-data
90-->[com.google.firebase:firebase-common:20.4.2] AndroidManifest.xml:35:13-37:85
91                android:name="com.google.firebase.components:com.google.firebase.FirebaseCommonKtxRegistrar"
91-->[com.google.firebase:firebase-common:20.4.2] AndroidManifest.xml:36:17-109
92                android:value="com.google.firebase.components.ComponentRegistrar" />
92-->[com.google.firebase:firebase-common:20.4.2] AndroidManifest.xml:37:17-82
93        </service>
94
95        <provider
95-->[com.google.firebase:firebase-common:20.4.2] AndroidManifest.xml:23:9-28:39
96            android:name="com.google.firebase.provider.FirebaseInitProvider"
96-->[com.google.firebase:firebase-common:20.4.2] AndroidManifest.xml:24:13-77
97            android:authorities="com.example.a301groupproject.firebaseinitprovider"
97-->[com.google.firebase:firebase-common:20.4.2] AndroidManifest.xml:25:13-72
98            android:directBootAware="true"
98-->[com.google.firebase:firebase-common:20.4.2] AndroidManifest.xml:26:13-43
99            android:exported="false"
99-->[com.google.firebase:firebase-common:20.4.2] AndroidManifest.xml:27:13-37
100            android:initOrder="100" />
100-->[com.google.firebase:firebase-common:20.4.2] AndroidManifest.xml:28:13-36
101
102        <uses-library
102-->[androidx.privacysandbox.ads:ads-adservices:1.0.0-beta05] AndroidManifest.xml:23:9-25:40
103            android:name="android.ext.adservices"
103-->[androidx.privacysandbox.ads:ads-adservices:1.0.0-beta05] AndroidManifest.xml:24:13-50
104            android:required="false" />
104-->[androidx.privacysandbox.ads:ads-adservices:1.0.0-beta05] AndroidManifest.xml:25:13-37
105
106        <provider
106-->[androidx.emoji2:emoji2:1.2.0] AndroidManifest.xml:24:9-32:20
107            android:name="androidx.startup.InitializationProvider"
107-->[androidx.emoji2:emoji2:1.2.0] AndroidManifest.xml:25:13-67
108            android:authorities="com.example.a301groupproject.androidx-startup"
108-->[androidx.emoji2:emoji2:1.2.0] AndroidManifest.xml:26:13-68
109            android:exported="false" >
109-->[androidx.emoji2:emoji2:1.2.0] AndroidManifest.xml:27:13-37
110            <meta-data
110-->[androidx.emoji2:emoji2:1.2.0] AndroidManifest.xml:29:13-31:52
111                android:name="androidx.emoji2.text.EmojiCompatInitializer"
111-->[androidx.emoji2:emoji2:1.2.0] AndroidManifest.xml:30:17-75
112                android:value="androidx.startup" />
112-->[androidx.emoji2:emoji2:1.2.0] AndroidManifest.xml:31:17-49
113            <meta-data
113-->[androidx.lifecycle:lifecycle-process:2.6.2] AndroidManifest.xml:29:13-31:52
114                android:name="androidx.lifecycle.ProcessLifecycleInitializer"
114-->[androidx.lifecycle:lifecycle-process:2.6.2] AndroidManifest.xml:30:17-78
115                android:value="androidx.startup" />
115-->[androidx.lifecycle:lifecycle-process:2.6.2] AndroidManifest.xml:31:17-49
116            <meta-data
116-->[androidx.profileinstaller:profileinstaller:1.3.0] AndroidManifest.xml:29:13-31:52
117                android:name="androidx.profileinstaller.ProfileInstallerInitializer"
117-->[androidx.profileinstaller:profileinstaller:1.3.0] AndroidManifest.xml:30:17-85
118                android:value="androidx.startup" />
118-->[androidx.profileinstaller:profileinstaller:1.3.0] AndroidManifest.xml:31:17-49
119        </provider>
120
121        <uses-library
121-->[androidx.window:window:1.0.0] AndroidManifest.xml:25:9-27:40
122            android:name="androidx.window.extensions"
122-->[androidx.window:window:1.0.0] AndroidManifest.xml:26:13-54
123            android:required="false" />
123-->[androidx.window:window:1.0.0] AndroidManifest.xml:27:13-37
124        <uses-library
124-->[androidx.window:window:1.0.0] AndroidManifest.xml:28:9-30:40
125            android:name="androidx.window.sidecar"
125-->[androidx.window:window:1.0.0] AndroidManifest.xml:29:13-51
126            android:required="false" />
126-->[androidx.window:window:1.0.0] AndroidManifest.xml:30:13-37
127
128        <meta-data
128-->[com.google.android.gms:play-services-basement:18.1.0] AndroidManifest.xml:21:9-23:69
129            android:name="com.google.android.gms.version"
129-->[com.google.android.gms:play-services-basement:18.1.0] AndroidManifest.xml:22:13-58
130            android:value="@integer/google_play_services_version" />
130-->[com.google.android.gms:play-services-basement:18.1.0] AndroidManifest.xml:23:13-66
131
132        <receiver
132-->[androidx.profileinstaller:profileinstaller:1.3.0] AndroidManifest.xml:34:9-52:20
133            android:name="androidx.profileinstaller.ProfileInstallReceiver"
133-->[androidx.profileinstaller:profileinstaller:1.3.0] AndroidManifest.xml:35:13-76
134            android:directBootAware="false"
134-->[androidx.profileinstaller:profileinstaller:1.3.0] AndroidManifest.xml:36:13-44
135            android:enabled="true"
135-->[androidx.profileinstaller:profileinstaller:1.3.0] AndroidManifest.xml:37:13-35
136            android:exported="true"
136-->[androidx.profileinstaller:profileinstaller:1.3.0] AndroidManifest.xml:38:13-36
137            android:permission="android.permission.DUMP" >
137-->[androidx.profileinstaller:profileinstaller:1.3.0] AndroidManifest.xml:39:13-57
138            <intent-filter>
138-->[androidx.profileinstaller:profileinstaller:1.3.0] AndroidManifest.xml:40:13-42:29
139                <action android:name="androidx.profileinstaller.action.INSTALL_PROFILE" />
139-->[androidx.profileinstaller:profileinstaller:1.3.0] AndroidManifest.xml:41:17-91
139-->[androidx.profileinstaller:profileinstaller:1.3.0] AndroidManifest.xml:41:25-88
140            </intent-filter>
141            <intent-filter>
141-->[androidx.profileinstaller:profileinstaller:1.3.0] AndroidManifest.xml:43:13-45:29
142                <action android:name="androidx.profileinstaller.action.SKIP_FILE" />
142-->[androidx.profileinstaller:profileinstaller:1.3.0] AndroidManifest.xml:44:17-85
142-->[androidx.profileinstaller:profileinstaller:1.3.0] AndroidManifest.xml:44:25-82
143            </intent-filter>
144            <intent-filter>
144-->[androidx.profileinstaller:profileinstaller:1.3.0] AndroidManifest.xml:46:13-48:29
145                <action android:name="androidx.profileinstaller.action.SAVE_PROFILE" />
145-->[androidx.profileinstaller:profileinstaller:1.3.0] AndroidManifest.xml:47:17-88
145-->[androidx.profileinstaller:profileinstaller:1.3.0] AndroidManifest.xml:47:25-85
146            </intent-filter>
147            <intent-filter>
147-->[androidx.profileinstaller:profileinstaller:1.3.0] AndroidManifest.xml:49:13-51:29
148                <action android:name="androidx.profileinstaller.action.BENCHMARK_OPERATION" />
148-->[androidx.profileinstaller:profileinstaller:1.3.0] AndroidManifest.xml:50:17-95
148-->[androidx.profileinstaller:profileinstaller:1.3.0] AndroidManifest.xml:50:25-92
149            </intent-filter>
150        </receiver>
151    </application>
152
153</manifest>